0 info it worked if it ends with ok
1 verbose cli [ '/usr/bin/node', '/usr/bin/npm', 'run', 'star' ]
2 info using npm@3.5.2
3 info using node@v8.10.0
4 verbose stack Error: missing script: star
4 verbose stack     at run (/usr/share/npm/lib/run-script.js:147:19)
4 verbose stack     at /usr/share/npm/lib/run-script.js:57:5
4 verbose stack     at /usr/share/npm/node_modules/read-package-json/read-json.js:345:5
4 verbose stack     at checkBinReferences_ (/usr/share/npm/node_modules/read-package-json/read-json.js:309:45)
4 verbose stack     at final (/usr/share/npm/node_modules/read-package-json/read-json.js:343:3)
4 verbose stack     at then (/usr/share/npm/node_modules/read-package-json/read-json.js:113:5)
4 verbose stack     at /usr/share/npm/node_modules/read-package-json/read-json.js:203:31
4 verbose stack     at f (/usr/share/npm/node_modules/once/once.js:17:25)
4 verbose stack     at Glob.<anonymous> (/usr/share/npm/node_modules/glob/glob.js:133:7)
4 verbose stack     at emitOne (events.js:116:13)
5 verbose cwd /home/pdiazq/Documents/tienda/0(copy)/api-server
6 error Linux 4.15.0-136-generic
7 error argv "/usr/bin/node" "/usr/bin/npm" "run" "star"
8 error node v8.10.0
9 error npm  v3.5.2
10 error missing script: star
11 error If you need help, you may report this error at:
11 error     <https://github.com/npm/npm/issues>
12 verbose exit [ 1, true ]
